2021-06-18 09:56:28,926 — db — __main__ - INFO — Running full initialization
2021-06-18 09:56:28,927 — db — __main__ - INFO — Establishing database connection
2021-06-18 09:56:28,927 — db — __main__ - INFO — Initializing users
2021-06-18 09:56:28,928 — db — __main__ - INFO — Database connection closed
2021-06-18 10:48:11,991 — db — __main__ - INFO — Running full initialization
2021-06-18 10:48:12,005 — db — __main__ - INFO — Establishing database connection
2021-06-18 10:48:12,023 — db — __main__ - INFO — Initializing users
2021-06-18 10:48:12,024 — db — __main__ - INFO — Database connection closed
2021-06-18 10:52:04,149 — db — __main__ - INFO — Running full initialization
2021-06-18 10:52:04,149 — db — __main__ - INFO — Establishing database connection
2021-06-18 10:52:04,149 — db — __main__ - INFO — Initializing users
2021-06-18 10:52:04,150 — db — __main__ - INFO — Database connection closed
2021-06-18 10:52:23,838 — db — __main__ - INFO — Running full initialization
2021-06-18 10:52:23,839 — db — __main__ - INFO — Establishing database connection
2021-06-18 10:52:23,839 — db — __main__ - INFO — Initializing users
2021-06-18 10:52:23,840 — db — __main__ - INFO — Database connection closed
2021-06-18 11:08:40,220 — db — __main__ - INFO — Running full initialization
2021-06-18 11:08:40,221 — db — __main__ - INFO — Establishing database connection
2021-06-18 11:08:40,221 — db — __main__ - INFO — Initializing users
2021-06-18 11:08:40,221 — db — __main__ - INFO — Database connection closed
2021-06-18 11:53:11,387 — config_manager — config_manager - INFO — Initialized ConfigManager
2021-06-18 11:53:25,850 — config_manager — config_manager - INFO — Initialized ConfigManager
2021-06-18 11:53:26,090 — config_manager — config_manager - INFO — Initialized ConfigManager
2021-06-18 11:53:59,893 — config_manager — config_manager - INFO — Initialized ConfigManager
2021-06-18 11:54:01,305 — config_manager — config_manager - INFO — Initialized ConfigManager
2021-06-18 11:54:01,657 — config_manager — config_manager - INFO — Initialized ConfigManager
2021-06-18 11:54:03,054 — config_manager — config_manager - INFO — Initialized ConfigManager
2021-06-18 11:54:07,408 — config_manager — config_manager - INFO — Initialized ConfigManager
2021-06-18 11:54:07,676 — config_manager — config_manager - INFO — Initialized ConfigManager
2021-06-18 11:54:33,107 — config_manager — config_manager - INFO — Initialized ConfigManager
2021-06-18 11:54:33,109 — db — __main__ - INFO — Running full initialization
2021-06-18 11:54:34,555 — config_manager — config_manager - INFO — Initialized ConfigManager
2021-06-18 11:54:34,556 — db — __main__ - INFO — Running full initialization
2021-06-18 11:54:47,275 — config_manager — config_manager - INFO — Initialized ConfigManager
2021-06-18 11:54:47,277 — db — __main__ - INFO — Running full initialization
2021-06-18 11:54:47,278 — db — __main__ - INFO — Establishing database connection
2021-06-18 11:54:47,278 — db — __main__ - INFO — Initializing users
2021-06-18 11:54:47,279 — db — __main__ - INFO — Database connection closed
2021-06-18 11:54:54,396 — config_manager — config_manager - INFO — Initialized ConfigManager
2021-06-18 11:54:54,398 — db — __main__ - INFO — Running full initialization
2021-06-18 11:54:54,399 — db — __main__ - INFO — Establishing database connection
2021-06-18 11:54:54,399 — db — __main__ - INFO — Initializing users
2021-06-18 11:54:54,399 — db — __main__ - INFO — Database connection closed
2021-06-18 11:55:13,247 — config_manager — config_manager - INFO — Initialized ConfigManager
2021-06-18 11:55:13,249 — db — __main__ - INFO — Running full initialization
2021-06-18 11:55:13,249 — db — __main__ - INFO — Establishing database connection
2021-06-18 11:55:13,249 — db — __main__ - INFO — Initializing users
2021-06-18 11:55:13,250 — db — __main__ - INFO — Database connection closed
2021-06-18 11:55:14,824 — config_manager — config_manager - INFO — Initialized ConfigManager
2021-06-18 11:55:14,826 — db — __main__ - INFO — Running full initialization
2021-06-18 11:55:14,826 — db — __main__ - INFO — Establishing database connection
2021-06-18 11:55:14,826 — db — __main__ - INFO — Initializing users
2021-06-18 11:55:14,827 — db — __main__ - INFO — Database connection closed
2021-06-18 11:55:40,605 — config_manager — config_manager - INFO — Initialized ConfigManager
2021-06-18 11:55:40,885 — config_manager — config_manager - INFO — Initialized ConfigManager
2021-06-18 11:55:46,031 — db — db - INFO — Establishing database connection
2021-06-18 11:55:46,031 — db — db - INFO — Database connection closed
2021-06-18 11:55:54,779 — config_manager — config_manager - INFO — Initialized ConfigManager
2021-06-18 11:55:56,181 — config_manager — config_manager - INFO — Initialized ConfigManager
2021-06-18 11:56:01,247 — db — db - INFO — Establishing database connection
2021-06-18 11:56:01,248 — db — db - INFO — Database connection closed
2021-06-18 11:56:13,456 — config_manager — config_manager - INFO — Initialized ConfigManager
2021-06-18 11:56:18,559 — db — db - INFO — Establishing database connection
2021-06-18 11:56:18,560 — user — user - ERROR — No user found!
2021-06-18 11:56:18,560 — db — db - INFO — Database connection closed
2021-06-18 11:56:18,561 — security — security - ERROR — Incorrect password
2021-06-18 11:56:24,445 — db — db - INFO — Establishing database connection
2021-06-18 11:56:24,450 — user — user - ERROR — No user found!
2021-06-18 11:56:24,451 — db — db - INFO — Database connection closed
2021-06-18 11:56:30,629 — config_manager — config_manager - INFO — Initialized ConfigManager
2021-06-18 11:56:35,698 — db — db - INFO — Establishing database connection
2021-06-18 11:56:35,698 — user — user - ERROR — No user found!
2021-06-18 11:56:35,699 — db — db - INFO — Database connection closed
2021-06-18 11:56:35,699 — db — db - INFO — Establishing database connection
2021-06-18 11:56:35,701 — db — db - INFO — Database connection closed
2021-06-18 11:56:40,162 — db — db - INFO — Establishing database connection
2021-06-18 11:56:40,163 — db — db - INFO — Database connection closed
